<?xml version="1.0" encoding="UTF-8"?>
<!-- Generated by org.testng.reporters.JUnitXMLReporter -->
<testsuite ignored="0" hostname="Mini" failures="0" tests="6" name="Test" time="42.529" errors="0" timestamp="2023-11-15T12:57:41 EST">
  <testcase classname="com.framework.level1.level2.testcases.LoginTest" name="verifyingSuccessfulLoginWithValidCredentials" time="2.676"/>
  <testcase classname="com.framework.level1.level2.testcases.ShoppingCartTest" name="shoppingCartTest" time="3.376"/>
  <testcase classname="com.framework.level1.level2.testcases.LunaSearchProductTest" name="testProductSearchAndNavigation" time="1.743"/>
  <testcase classname="com.framework.level1.level2.testcases.LumaRegisterTest" name="verifyRegisterAccountManadatoryFields" time="3.858"/>
  <testcase classname="com.framework.level1.level2.testcases.LumaCheckOutTest" name="verifyAddAProductToTheShoppingCartAndNavigateToCheckOutPage" time="15.834"/>
  <testcase classname="com.framework.level1.level2.testcases.LumaVerifyHomePageTest" name="verifyCertainElemetnsOnTheHomePage" time="0.843"/>
</testsuite> <!-- Test -->
