<?xml version="1.0" encoding="UTF-8"?>
<testng-results ignored="0" total="6" passed="6" failed="0" skipped="0">
  <reporter-output>
  </reporter-output>
  <suite started-at="2023-11-15T12:56:59 EST" name="Suite" finished-at="2023-11-15T12:57:41 EST" duration-ms="42529">
    <groups>
    </groups>
    <test started-at="2023-11-15T12:56:59 EST" name="Test" finished-at="2023-11-15T12:57:41 EST" duration-ms="42529">
      <class name="com.framework.level1.level2.testcases.LoginTest">
        <test-method is-config="true" signature="loginSetup()[pri:0, instance:com.framework.level1.level2.testcases.LoginTest@750e2b97]" started-at="2023-11-15T12:56:59 EST" name="loginSetup" finished-at="2023-11-15T12:57:02 EST" duration-ms="3563" status="PASS">
          <reporter-output>
          </reporter-output>
        </test-method> <!-- loginSetup -->
        <test-method signature="verifyingSuccessfulLoginWithValidCredentials()[pri:1, instance:com.framework.level1.level2.testcases.LoginTest@750e2b97]" started-at="2023-11-15T12:57:02 EST" name="verifyingSuccessfulLoginWithValidCredentials" finished-at="2023-11-15T12:57:05 EST" duration-ms="2676" status="PASS">
          <reporter-output>
          </reporter-output>
        </test-method> <!-- verifyingSuccessfulLoginWithValidCredentials -->
        <test-method is-config="true" signature="tearDown()[pri:0, instance:com.framework.level1.level2.testcases.LoginTest@750e2b97]" started-at="2023-11-15T12:57:05 EST" name="tearDown" finished-at="2023-11-15T12:57:05 EST" duration-ms="178" status="PASS">
          <reporter-output>
          </reporter-output>
        </test-method> <!-- tearDown -->
      </class> <!-- com.framework.level1.level2.testcases.LoginTest -->
      <class name="com.framework.level1.level2.testcases.LumaRegisterTest">
        <test-method is-config="true" signature="registerSetUp()[pri:0, instance:com.framework.level1.level2.testcases.LumaRegisterTest@4be29ed9]" started-at="2023-11-15T12:57:15 EST" name="registerSetUp" finished-at="2023-11-15T12:57:16 EST" duration-ms="1915" status="PASS">
          <reporter-output>
          </reporter-output>
        </test-method> <!-- registerSetUp -->
        <test-method signature="verifyRegisterAccountManadatoryFields()[pri:1, instance:com.framework.level1.level2.testcases.LumaRegisterTest@4be29ed9]" started-at="2023-11-15T12:57:16 EST" name="verifyRegisterAccountManadatoryFields" finished-at="2023-11-15T12:57:20 EST" duration-ms="3858" status="PASS">
          <reporter-output>
          </reporter-output>
        </test-method> <!-- verifyRegisterAccountManadatoryFields -->
        <test-method is-config="true" signature="tearDown()[pri:0, instance:com.framework.level1.level2.testcases.LumaRegisterTest@4be29ed9]" started-at="2023-11-15T12:57:20 EST" name="tearDown" finished-at="2023-11-15T12:57:20 EST" duration-ms="131" status="PASS">
          <reporter-output>
          </reporter-output>
        </test-method> <!-- tearDown -->
      </class> <!-- com.framework.level1.level2.testcases.LumaRegisterTest -->
      <class name="com.framework.level1.level2.testcases.LumaCheckOutTest">
        <test-method is-config="true" signature="checkoutSetUp()[pri:0, instance:com.framework.level1.level2.testcases.LumaCheckOutTest@548d708a]" started-at="2023-11-15T12:57:20 EST" name="checkoutSetUp" finished-at="2023-11-15T12:57:22 EST" duration-ms="1988" status="PASS">
          <reporter-output>
          </reporter-output>
        </test-method> <!-- checkoutSetUp -->
        <test-method signature="verifyAddAProductToTheShoppingCartAndNavigateToCheckOutPage()[pri:1, instance:com.framework.level1.level2.testcases.LumaCheckOutTest@548d708a]" started-at="2023-11-15T12:57:22 EST" name="verifyAddAProductToTheShoppingCartAndNavigateToCheckOutPage" finished-at="2023-11-15T12:57:38 EST" duration-ms="15834" status="PASS">
          <reporter-output>
          </reporter-output>
        </test-method> <!-- verifyAddAProductToTheShoppingCartAndNavigateToCheckOutPage -->
        <test-method is-config="true" signature="tearDown()[pri:0, instance:com.framework.level1.level2.testcases.LumaCheckOutTest@548d708a]" started-at="2023-11-15T12:57:38 EST" name="tearDown" finished-at="2023-11-15T12:57:38 EST" duration-ms="157" status="PASS">
          <reporter-output>
          </reporter-output>
        </test-method> <!-- tearDown -->
      </class> <!-- com.framework.level1.level2.testcases.LumaCheckOutTest -->
      <class name="com.framework.level1.level2.testcases.LumaVerifyHomePageTest">
        <test-method is-config="true" signature="loginSetup()[pri:0, instance:com.framework.level1.level2.testcases.LumaVerifyHomePageTest@4b013c76]" started-at="2023-11-15T12:57:38 EST" name="loginSetup" finished-at="2023-11-15T12:57:40 EST" duration-ms="1853" status="PASS">
          <reporter-output>
          </reporter-output>
        </test-method> <!-- loginSetup -->
        <test-method signature="verifyCertainElemetnsOnTheHomePage()[pri:1, instance:com.framework.level1.level2.testcases.LumaVerifyHomePageTest@4b013c76]" started-at="2023-11-15T12:57:40 EST" name="verifyCertainElemetnsOnTheHomePage" finished-at="2023-11-15T12:57:41 EST" duration-ms="843" status="PASS">
          <reporter-output>
          </reporter-output>
        </test-method> <!-- verifyCertainElemetnsOnTheHomePage -->
        <test-method is-config="true" signature="tearDown()[pri:0, instance:com.framework.level1.level2.testcases.LumaVerifyHomePageTest@4b013c76]" started-at="2023-11-15T12:57:41 EST" name="tearDown" finished-at="2023-11-15T12:57:41 EST" duration-ms="157" status="PASS">
          <reporter-output>
          </reporter-output>
        </test-method> <!-- tearDown -->
      </class> <!-- com.framework.level1.level2.testcases.LumaVerifyHomePageTest -->
      <class name="com.framework.level1.level2.testcases.ShoppingCartTest">
        <test-method is-config="true" signature="shoppingCartSetUp()[pri:0, instance:com.framework.level1.level2.testcases.ShoppingCartTest@6bbe85a8]" started-at="2023-11-15T12:57:05 EST" name="shoppingCartSetUp" finished-at="2023-11-15T12:57:07 EST" duration-ms="1927" status="PASS">
          <reporter-output>
          </reporter-output>
        </test-method> <!-- shoppingCartSetUp -->
        <test-method signature="shoppingCartTest()[pri:1, instance:com.framework.level1.level2.testcases.ShoppingCartTest@6bbe85a8]" started-at="2023-11-15T12:57:07 EST" name="shoppingCartTest" finished-at="2023-11-15T12:57:11 EST" duration-ms="3376" status="PASS">
          <reporter-output>
          </reporter-output>
        </test-method> <!-- shoppingCartTest -->
        <test-method is-config="true" signature="closer()[pri:0, instance:com.framework.level1.level2.testcases.ShoppingCartTest@6bbe85a8]" started-at="2023-11-15T12:57:11 EST" name="closer" finished-at="2023-11-15T12:57:11 EST" duration-ms="161" status="PASS">
          <reporter-output>
          </reporter-output>
        </test-method> <!-- closer -->
      </class> <!-- com.framework.level1.level2.testcases.ShoppingCartTest -->
      <class name="com.framework.level1.level2.testcases.LunaSearchProductTest">
        <test-method is-config="true" signature="lunaSearchProduct()[pri:0, instance:com.framework.level1.level2.testcases.LunaSearchProductTest@3a7442c7]" started-at="2023-11-15T12:57:11 EST" name="lunaSearchProduct" finished-at="2023-11-15T12:57:13 EST" duration-ms="1942" status="PASS">
          <reporter-output>
          </reporter-output>
        </test-method> <!-- lunaSearchProduct -->
        <test-method signature="testProductSearchAndNavigation()[pri:1, instance:com.framework.level1.level2.testcases.LunaSearchProductTest@3a7442c7]" started-at="2023-11-15T12:57:13 EST" name="testProductSearchAndNavigation" finished-at="2023-11-15T12:57:14 EST" duration-ms="1743" status="PASS">
          <reporter-output>
          </reporter-output>
        </test-method> <!-- testProductSearchAndNavigation -->
        <test-method is-config="true" signature="tearDown()[pri:0, instance:com.framework.level1.level2.testcases.LunaSearchProductTest@3a7442c7]" started-at="2023-11-15T12:57:14 EST" name="tearDown" finished-at="2023-11-15T12:57:15 EST" duration-ms="144" status="PASS">
          <reporter-output>
          </reporter-output>
        </test-method> <!-- tearDown -->
      </class> <!-- com.framework.level1.level2.testcases.LunaSearchProductTest -->
    </test> <!-- Test -->
  </suite> <!-- Suite -->
</testng-results>
